<?xml version="1.0" encoding="UTF-8"?>
<!-- Generated by org.testng.reporters.JUnitReportReporter -->
<testsuite hostname="DESKTOP-MGJR4EM" failures="0" tests="1" name="HenekeyGroup.DealerCenter.AppTest" time="0.001" errors="0" timestamp="27 Jun 2021 19:53:55 GMT" skipped="0">
  <testcase classname="HenekeyGroup.DealerCenter.AppTest" name="shouldAnswerWithTrue" time="0.001"/>
</testsuite> <!-- HenekeyGroup.DealerCenter.AppTest -->
