<?xml version="1.0" encoding="UTF-8"?>
<!-- Generated by org.testng.reporters.JUnitReportReporter -->
<testsuite hostname="DESKTOP-MGJR4EM" failures="0" tests="2" name="HenekeyGroup.DealerCenter.SeleniumTest" time="0.002" errors="0" timestamp="27 Jun 2021 19:53:55 GMT" skipped="0">
  <testcase classname="HenekeyGroup.DealerCenter.SeleniumTest" name="BrowserAutomation" time="0.002"/>
  <testcase classname="HenekeyGroup.DealerCenter.SeleniumTest" name="elementsId" time="0.000"/>
</testsuite> <!-- HenekeyGroup.DealerCenter.SeleniumTest -->
