<?xml version="1.0" encoding="UTF-8"?>
<!-- Generated by org.testng.reporters.JUnitReportReporter -->
<testsuite hostname="DESKTOP-MGJR4EM" failures="0" tests="2" name="HenekeyGroup.DealerCenter.AppiumTest" time="0.009" errors="0" timestamp="27 Jun 2021 19:53:55 GMT" skipped="0">
  <testcase classname="HenekeyGroup.DealerCenter.AppiumTest" name="leaveBrowser" time="0.001"/>
  <testcase classname="HenekeyGroup.DealerCenter.AppiumTest" name="Browser" time="0.008"/>
</testsuite> <!-- HenekeyGroup.DealerCenter.AppiumTest -->
